{
  "stats": {
    "suites": 1,
    "tests": 8,
    "passes": 7,
    "pending": 0,
    "failures": 1,
    "start": "2021-10-05T04:56:34.034Z",
    "end": "2021-10-05T04:58:39.356Z",
    "duration": 125322,
    "testsRegistered": 8,
    "passPercent": 87.5,
    "pendingPercent": 0,
    "other": 0,
    "hasOther": false,
    "skipped": 0,
    "hasSkipped": false,
    "passPercentClass": "success",
    "pendingPercentClass": "danger"
  },
  "suites": {
    "uuid": "07305ab1-88ff-4292-bebc-e5d9eb04c52a",
    "title": "",
    "fullFile": "",
    "file": "",
    "beforeHooks": [],
    "afterHooks": [],
    "tests": [],
    "suites": [
      {
        "uuid": "ae551950-1925-4b34-9e4d-9c52ec9e6e45",
        "title": "Pruebas funcionales con Selenium Webdriver",
        "fullFile": "/home/tkn1/Documentos/GitKraken/ayd2aydrive/Selenium/test/run.js",
        "file": "/test/run.js",
        "beforeHooks": [
          {
            "title": "\"before each\" hook",
            "fullTitle": "Pruebas funcionales con Selenium Webdriver \"before each\" hook",
            "timedOut": false,
            "duration": 13369,
            "pass": false,
            "fail": false,
            "pending": false,
            "code": "driver = await new Builder().forBrowser(browser)\n                    //.usingServer(\"http://localhost:4444/wd/hub\")\n                    .build();",
            "err": {},
            "isRoot": false,
            "uuid": "97f816e9-e7db-4a6e-b17c-c3c5e8ffa1bb",
            "isHook": true,
            "skipped": false
          }
        ],
        "afterHooks": [
          {
            "title": "\"after each\" hook",
            "fullTitle": "Pruebas funcionales con Selenium Webdriver \"after each\" hook",
            "timedOut": false,
            "duration": 0,
            "pass": false,
            "fail": false,
            "pending": false,
            "code": "//await driver.close();",
            "err": {},
            "isRoot": false,
            "uuid": "f17455ba-e33b-404e-8571-a73b2c6ce5c4",
            "isHook": true,
            "skipped": false
          }
        ],
        "tests": [
          {
            "title": "Prueba funcional Selenium: crear archivo",
            "fullTitle": "Pruebas funcionales con Selenium Webdriver Prueba funcional Selenium: crear archivo",
            "timedOut": false,
            "duration": 6799,
            "state": "passed",
            "speed": "slow",
            "pass": true,
            "fail": false,
            "pending": false,
            "code": "await driver.get(\"http://localhost:8080/\");\n                await driver.findElement(By.id(\"nickname\")).sendKeys(\"uno\");\n                await driver.findElement(By.id(\"contrasena\")).sendKeys(\"123\");\n                await driver.findElement(By.id(\"btn_inicio_sesion\")).sendKeys(Key.RETURN);\n                await driver.sleep(5000);\n                await driver.findElement(By.id(\"gestor_carpetas\")).sendKeys(Key.RETURN);\n                await driver.findElement(By.id(\"input_crearcarpeta\")).sendKeys(\"SOG2_2\");\n                await driver.findElement(By.id(\"btn_creararchvio\")).sendKeys(Key.RETURN);\n                //await driver.close();",
            "err": {},
            "isRoot": false,
            "uuid": "c77f3f37-500c-40a7-9501-69402c55aa67",
            "isHook": false,
            "skipped": false
          },
          {
            "title": "Prueba funcional Selenium: crear eliminar archivo",
            "fullTitle": "Pruebas funcionales con Selenium Webdriver Prueba funcional Selenium: crear eliminar archivo",
            "timedOut": false,
            "duration": 6549,
            "state": "passed",
            "speed": "slow",
            "pass": true,
            "fail": false,
            "pending": false,
            "code": "await driver.get(\"http://localhost:8080/\");\n                await driver.findElement(By.id(\"nickname\")).sendKeys(\"uno\");\n                await driver.findElement(By.id(\"contrasena\")).sendKeys(\"123\");\n                await driver.findElement(By.id(\"btn_inicio_sesion\")).sendKeys(Key.RETURN);\n                await driver.sleep(5000);\n                await driver.findElement(By.id(\"gestor_carpetas\")).sendKeys(Key.RETURN);\n                await driver.findElement(By.id(\"input_crearcarpeta\")).sendKeys(\"SOG2_2\");\n                await driver.findElement(By.id(\"btn_eliminararchivo\")).sendKeys(Key.RETURN);\n                //await driver.close();",
            "err": {},
            "isRoot": false,
            "uuid": "58c096f2-df57-432a-8e68-ad8dd8743d41",
            "isHook": false,
            "skipped": false
          },
          {
            "title": "Prueba funcional Selenium: registro de usuario",
            "fullTitle": "Pruebas funcionales con Selenium Webdriver Prueba funcional Selenium: registro de usuario",
            "timedOut": false,
            "duration": 6902,
            "state": "passed",
            "speed": "slow",
            "pass": true,
            "fail": false,
            "pending": false,
            "code": "await driver.get(\"http://localhost:8080/\");\n                await driver.findElement(By.id(\"btn_redreg\")).sendKeys(Key.RETURN);\n                await driver.sleep(5000);\n                await driver.findElement(By.id(\"inp_nick\")).sendKeys(\"PruebaUser001\");\n                await driver.findElement(By.id(\"inp_correo\")).sendKeys(\"PruebaUser001@gmail.com\");\n                await driver.findElement(By.id(\"inp_fnace\")).sendKeys(\"01-01-2001\");\n                await driver.findElement(By.id(\"inp_pass\")).sendKeys(\"PruebaUser001\");\n                await driver.findElement(By.id(\"inp_confpass\")).sendKeys(\"PruebaUser001\");\n                await driver.findElement(By.id(\"btn_registro\")).sendKeys(Key.RETURN);\n                //await driver.close();",
            "err": {},
            "isRoot": false,
            "uuid": "acd5ec26-d1b0-4112-a3d0-ccf9fa51cfbb",
            "isHook": false,
            "skipped": false
          },
          {
            "title": "Prueba funcional Selenium: login correcto",
            "fullTitle": "Pruebas funcionales con Selenium Webdriver Prueba funcional Selenium: login correcto",
            "timedOut": false,
            "duration": 1742,
            "state": "passed",
            "speed": "slow",
            "pass": true,
            "fail": false,
            "pending": false,
            "code": "await driver.get(\"http://localhost:8080/\");\n                await driver.findElement(By.id(\"nickname\")).sendKeys(\"uno\");\n                await driver.findElement(By.id(\"contrasena\")).sendKeys(\"123\");\n                await driver.findElement(By.id(\"btn_inicio_sesion\")).sendKeys(Key.RETURN);\n                //await driver.close();",
            "err": {},
            "isRoot": false,
            "uuid": "9ef5090f-126d-49ff-8182-49068c500544",
            "isHook": false,
            "skipped": false
          },
          {
            "title": "Prueba funcional Selenium: login incorrecto",
            "fullTitle": "Pruebas funcionales con Selenium Webdriver Prueba funcional Selenium: login incorrecto",
            "timedOut": false,
            "duration": 1635,
            "state": "passed",
            "speed": "slow",
            "pass": true,
            "fail": false,
            "pending": false,
            "code": "await driver.get(\"http://localhost:8080/\");\n                await driver.findElement(By.id(\"nickname\")).sendKeys(\"uno\");\n                await driver.findElement(By.id(\"contrasena\")).sendKeys(\"fdasfa\");\n                await driver.findElement(By.id(\"btn_inicio_sesion\")).sendKeys(Key.RETURN);\n                //await driver.close();",
            "err": {},
            "isRoot": false,
            "uuid": "f4f29f49-2ddb-4767-9add-0f339574fbb1",
            "isHook": false,
            "skipped": false
          },
          {
            "title": "Prueba funcional Selenium: crear carpeta",
            "fullTitle": "Pruebas funcionales con Selenium Webdriver Prueba funcional Selenium: crear carpeta",
            "timedOut": false,
            "duration": 6698,
            "state": "passed",
            "speed": "slow",
            "pass": true,
            "fail": false,
            "pending": false,
            "code": "await driver.get(\"http://localhost:8080/\");\n                await driver.findElement(By.id(\"nickname\")).sendKeys(\"uno\");\n                await driver.findElement(By.id(\"contrasena\")).sendKeys(\"123\");\n                await driver.findElement(By.id(\"btn_inicio_sesion\")).sendKeys(Key.RETURN);\n                await driver.sleep(5000);\n                await driver.findElement(By.id(\"gestor_carpetas\")).sendKeys(Key.RETURN);\n                await driver.findElement(By.id(\"input_crearcarpeta\")).sendKeys(\"cnx\");\n                await driver.findElement(By.id(\"btn_crearcarpeta\")).sendKeys(Key.RETURN);\n                //await driver.close();",
            "err": {},
            "isRoot": false,
            "uuid": "eb3314b1-0d05-44b1-8e18-b35746944b9a",
            "isHook": false,
            "skipped": false
          },
          {
            "title": "Prueba funcional Selenium: eliminar carpeta",
            "fullTitle": "Pruebas funcionales con Selenium Webdriver Prueba funcional Selenium: eliminar carpeta",
            "timedOut": false,
            "duration": 7366,
            "state": "failed",
            "pass": false,
            "fail": true,
            "pending": false,
            "code": "await driver.get(\"http://localhost:8080/\");\n                await driver.findElement(By.id(\"nickname\")).sendKeys(\"uno\");\n                await driver.findElement(By.id(\"contrasena\")).sendKeys(\"123\");\n                await driver.findElement(By.id(\"btn_inicio_sesion\")).sendKeys(Key.RETURN);\n                await driver.sleep(5000);\n                await driver.findElement(By.id(\"gestor_carpetas\")).sendKeys(Key.RETURN);\n                await driver.findElement(By.id(\"input_crearcarpeta\")).sendKeys(\"cnx\");\n                await driver.findElement(By.id(\"btn_eliminarcarpeta\")).sendKeys(Key.RETURN);",
            "err": {
              "message": "NoSuchElementError: Unable to locate element: *[id=\"gestor_carpetas\"]",
              "estack": "NoSuchElementError: Unable to locate element: *[id=\"gestor_carpetas\"]\n    at Object.throwDecodedError (node_modules/selenium-webdriver/lib/error.js:550:15)\n    at parseHttpResponse (node_modules/selenium-webdriver/lib/http.js:542:13)\n    at Executor.execute (node_modules/selenium-webdriver/lib/http.js:468:26)\n    at processTicksAndRejections (internal/process/task_queues.js:95:5)\n    at async Driver.execute (node_modules/selenium-webdriver/lib/webdriver.js:696:17)\n    at async toWireValue (node_modules/selenium-webdriver/lib/webdriver.js:138:15)\n    at async /home/tkn1/Documentos/GitKraken/ayd2aydrive/Selenium/node_modules/selenium-webdriver/lib/webdriver.js:189:16\n    at async forEachKey (node_modules/selenium-webdriver/lib/webdriver.js:183:9)\n    at async convertKeys (node_modules/selenium-webdriver/lib/webdriver.js:188:3)\n    at async Driver.execute (node_modules/selenium-webdriver/lib/webdriver.js:694:22)\n    at async Context.<anonymous> (test/run.js:143:17)"
            },
            "isRoot": false,
            "uuid": "62a48439-8a74-48f7-8484-a598c6adf7c4",
            "isHook": false,
            "skipped": false
          },
          {
            "title": "Prueba funcional Selenium: eliminar carpeta, buscar componente",
            "fullTitle": "Pruebas funcionales con Selenium Webdriver Prueba funcional Selenium: eliminar carpeta, buscar componente",
            "timedOut": false,
            "duration": 6388,
            "state": "passed",
            "speed": "slow",
            "pass": true,
            "fail": false,
            "pending": false,
            "code": "await driver.get(\"http://localhost:8080/\");\n                await driver.findElement(By.id(\"nickname\")).sendKeys(\"uno\");\n                await driver.findElement(By.id(\"contrasena\")).sendKeys(\"123\");\n                await driver.findElement(By.id(\"btn_inicio_sesion\")).sendKeys(Key.RETURN);\n                await driver.sleep(5000);\n                await driver.findElement(By.id(\"gestor_carpetas\")).sendKeys(Key.RETURN);\n                await driver.findElement(By.id(\"input_crearcarpeta\"));",
            "err": {},
            "isRoot": false,
            "uuid": "49c38d9b-9fdb-407c-aff7-8d4ce2c9c16b",
            "isHook": false,
            "skipped": false
          }
        ],
        "suites": [],
        "passes": [
          "c77f3f37-500c-40a7-9501-69402c55aa67",
          "58c096f2-df57-432a-8e68-ad8dd8743d41",
          "acd5ec26-d1b0-4112-a3d0-ccf9fa51cfbb",
          "9ef5090f-126d-49ff-8182-49068c500544",
          "f4f29f49-2ddb-4767-9add-0f339574fbb1",
          "eb3314b1-0d05-44b1-8e18-b35746944b9a",
          "49c38d9b-9fdb-407c-aff7-8d4ce2c9c16b"
        ],
        "failures": [
          "62a48439-8a74-48f7-8484-a598c6adf7c4"
        ],
        "pending": [],
        "skipped": [],
        "duration": 44079,
        "root": false,
        "rootEmpty": false,
        "_timeout": 50000
      }
    ],
    "passes": [],
    "failures": [],
    "pending": [],
    "skipped": [],
    "duration": 0,
    "root": true,
    "rootEmpty": true,
    "_timeout": 2000
  },
  "copyrightYear": 2021
}